TN:
SF:src\main\credentialStore.js
FN:51,(anonymous_0)
FN:53,loadConfig
FN:72,saveConfig
FN:102,(anonymous_3)
FN:108,(anonymous_4)
FN:135,(anonymous_5)
FN:162,(anonymous_6)
FN:196,(anonymous_7)
FN:200,(anonymous_8)
FN:203,(anonymous_9)
FN:204,(anonymous_10)
FN:209,(anonymous_11)
FN:213,(anonymous_12)
FN:232,testConnection
FNF:14
FNH:5
FNDA:0,(anonymous_0)
FNDA:0,loadConfig
FNDA:0,saveConfig
FNDA:8,(anonymous_3)
FNDA:4,(anonymous_4)
FNDA:3,(anonymous_5)
FNDA:1,(anonymous_6)
FNDA:0,(anonymous_7)
FNDA:0,(anonymous_8)
FNDA:0,(anonymous_9)
FNDA:0,(anonymous_10)
FNDA:0,(anonymous_11)
FNDA:0,(anonymous_12)
FNDA:10,testConnection
DA:1,6
DA:2,6
DA:3,6
DA:4,6
DA:5,6
DA:6,6
DA:8,6
DA:9,6
DA:10,6
DA:12,6
DA:51,6
DA:54,0
DA:55,0
DA:56,0
DA:57,0
DA:58,0
DA:67,0
DA:68,0
DA:73,0
DA:74,0
DA:88,0
DA:89,0
DA:91,0
DA:92,0
DA:93,0
DA:95,0
DA:99,0
DA:102,6
DA:103,8
DA:104,8
DA:107,6
DA:109,4
DA:110,4
DA:111,4
DA:112,4
DA:119,4
DA:128,4
DA:129,4
DA:130,4
DA:132,4
DA:136,3
DA:137,3
DA:138,3
DA:139,3
DA:146,3
DA:155,3
DA:156,3
DA:157,3
DA:159,3
DA:163,1
DA:164,1
DA:165,1
DA:166,1
DA:167,1
DA:174,1
DA:175,1
DA:176,1
DA:177,1
DA:178,1
DA:179,1
DA:180,1
DA:196,1
DA:197,1
DA:201,0
DA:202,0
DA:203,0
DA:204,0
DA:205,0
DA:206,0
DA:207,0
DA:209,0
DA:214,0
DA:216,0
DA:217,0
DA:218,0
DA:219,0
DA:220,0
DA:223,0
DA:224,0
DA:225,0
DA:227,0
DA:233,10
DA:234,10
DA:236,10
DA:245,10
DA:246,1
DA:249,9
DA:250,9
DA:251,1
DA:254,8
DA:255,8
DA:266,8
DA:267,8
DA:269,0
DA:270,0
DA:274,6
LF:96
LH:60
BRDA:61,0,0,0
BRDA:61,0,1,0
BRDA:62,1,0,0
BRDA:62,1,1,0
BRDA:63,2,0,0
BRDA:63,2,1,0
BRDA:64,3,0,0
BRDA:64,3,1,0
BRDA:68,4,0,0
BRDA:68,4,1,0
BRDA:72,5,0,0
BRDA:73,6,0,0
BRDA:73,6,1,0
BRDA:75,7,0,0
BRDA:75,7,1,0
BRDA:75,7,2,0
BRDA:76,8,0,0
BRDA:76,8,1,0
BRDA:76,8,2,0
BRDA:77,9,0,0
BRDA:77,9,1,0
BRDA:77,9,2,0
BRDA:78,10,0,0
BRDA:78,10,1,0
BRDA:79,11,0,0
BRDA:79,11,1,0
BRDA:80,12,0,0
BRDA:80,12,1,0
BRDA:81,13,0,0
BRDA:81,13,1,0
BRDA:82,14,0,0
BRDA:82,14,1,0
BRDA:83,15,0,0
BRDA:83,15,1,0
BRDA:84,16,0,0
BRDA:84,16,1,0
BRDA:85,17,0,0
BRDA:85,17,1,0
BRDA:91,18,0,0
BRDA:91,18,1,0
BRDA:92,19,0,0
BRDA:92,19,1,0
BRDA:99,20,0,0
BRDA:99,20,1,0
BRDA:104,21,0,8
BRDA:104,21,1,0
BRDA:104,22,0,8
BRDA:104,22,1,8
BRDA:111,23,0,1
BRDA:111,23,1,3
BRDA:111,24,0,1
BRDA:111,24,1,0
BRDA:113,25,0,4
BRDA:113,25,1,4
BRDA:114,26,0,4
BRDA:114,26,1,4
BRDA:138,27,0,1
BRDA:138,27,1,2
BRDA:138,28,0,1
BRDA:138,28,1,0
BRDA:140,29,0,3
BRDA:140,29,1,3
BRDA:141,30,0,3
BRDA:141,30,1,3
BRDA:165,31,0,0
BRDA:165,31,1,1
BRDA:165,32,0,0
BRDA:165,32,1,0
BRDA:168,33,0,1
BRDA:168,33,1,1
BRDA:169,34,0,1
BRDA:169,34,1,1
BRDA:175,35,0,0
BRDA:175,35,1,1
BRDA:176,36,0,0
BRDA:176,36,1,1
BRDA:177,37,0,0
BRDA:177,37,1,1
BRDA:188,38,0,1
BRDA:188,38,1,0
BRDA:189,39,0,1
BRDA:189,39,1,0
BRDA:189,39,2,0
BRDA:190,40,0,0
BRDA:190,40,1,1
BRDA:202,41,0,0
BRDA:202,41,1,0
BRDA:205,42,0,0
BRDA:205,42,1,0
BRDA:209,43,0,0
BRDA:209,43,1,0
BRDA:216,44,0,0
BRDA:216,44,1,0
BRDA:216,45,0,0
BRDA:216,45,1,0
BRDA:217,46,0,0
BRDA:217,46,1,0
BRDA:218,47,0,0
BRDA:218,47,1,0
BRDA:225,48,0,0
BRDA:225,48,1,0
BRDA:232,49,0,0
BRDA:233,50,0,10
BRDA:233,50,1,0
BRDA:234,51,0,10
BRDA:234,51,1,1
BRDA:237,52,0,10
BRDA:237,52,1,1
BRDA:238,53,0,10
BRDA:238,53,1,2
BRDA:239,54,0,10
BRDA:239,54,1,2
BRDA:240,55,0,10
BRDA:240,55,1,2
BRDA:241,56,0,10
BRDA:241,56,1,2
BRDA:242,57,0,10
BRDA:242,57,1,10
BRDA:242,57,2,10
BRDA:245,58,0,1
BRDA:245,58,1,9
BRDA:250,59,0,1
BRDA:250,59,1,8
BRDA:270,60,0,0
BRDA:270,60,1,0
BRF:125
BRH:48
end_of_record
TN:
SF:src\main\connectors\helpers\connectionOptions.js
FN:8,(anonymous_0)
FN:22,(anonymous_1)
FN:39,(anonymous_2)
FN:40,(anonymous_3)
FN:42,(anonymous_4)
FN:48,(anonymous_5)
FN:60,(anonymous_6)
FN:65,(anonymous_7)
FN:77,(anonymous_8)
FN:80,(anonymous_9)
FN:99,(anonymous_10)
FN:113,(anonymous_11)
FN:117,(anonymous_12)
FN:135,(anonymous_13)
FNF:14
FNH:5
FNDA:21,(anonymous_0)
FNDA:8,(anonymous_1)
FNDA:0,(anonymous_2)
FNDA:0,(anonymous_3)
FNDA:0,(anonymous_4)
FNDA:0,(anonymous_5)
FNDA:0,(anonymous_6)
FNDA:0,(anonymous_7)
FNDA:0,(anonymous_8)
FNDA:0,(anonymous_9)
FNDA:3,(anonymous_10)
FNDA:3,(anonymous_11)
FNDA:0,(anonymous_12)
FNDA:3,(anonymous_13)
DA:1,2
DA:2,2
DA:3,2
DA:4,2
DA:5,2
DA:6,2
DA:8,2
DA:9,21
DA:10,21
DA:12,4
DA:13,4
DA:14,1
DA:19,3
DA:22,2
DA:23,8
DA:24,7
DA:25,7
DA:26,7
DA:28,7
DA:29,7
DA:31,7
DA:32,7
DA:33,7
DA:34,7
DA:35,7
DA:36,7
DA:39,2
DA:40,0
DA:41,0
DA:42,0
DA:43,0
DA:49,0
DA:50,0
DA:51,0
DA:52,0
DA:54,0
DA:55,0
DA:60,0
DA:61,0
DA:62,0
DA:66,0
DA:67,0
DA:69,0
DA:70,0
DA:76,0
DA:78,0
DA:81,0
DA:82,0
DA:83,0
DA:85,0
DA:99,2
DA:100,3
DA:101,3
DA:102,3
DA:103,3
DA:105,3
DA:106,0
DA:107,0
DA:110,3
DA:117,2
DA:118,0
DA:127,0
DA:132,0
DA:135,2
DA:136,3
DA:137,3
DA:138,3
DA:141,0
DA:142,0
DA:143,0
DA:144,0
DA:145,0
DA:147,0
DA:148,0
DA:151,0
DA:157,0
DA:160,2
LF:77
LH:40
BRDA:8,0,0,17
BRDA:9,1,0,21
BRDA:9,1,1,17
BRDA:10,2,0,17
BRDA:10,2,1,4
BRDA:13,3,0,1
BRDA:13,3,1,3
BRDA:13,4,0,4
BRDA:13,4,1,1
BRDA:22,5,0,0
BRDA:23,6,0,1
BRDA:23,6,1,7
BRDA:28,7,0,4
BRDA:28,7,1,3
BRDA:29,8,0,7
BRDA:29,8,1,5
BRDA:29,8,2,5
BRDA:32,9,0,2
BRDA:32,9,1,5
BRDA:33,10,0,1
BRDA:33,10,1,6
BRDA:34,11,0,1
BRDA:34,11,1,6
BRDA:35,12,0,2
BRDA:35,12,1,5
BRDA:39,13,0,0
BRDA:49,14,0,0
BRDA:49,14,1,0
BRDA:89,15,0,0
BRDA:89,15,1,0
BRDA:91,16,0,0
BRDA:91,16,1,0
BRDA:92,17,0,0
BRDA:92,17,1,0
BRDA:93,18,0,0
BRDA:93,18,1,0
BRDA:99,19,0,0
BRDA:100,20,0,3
BRDA:100,20,1,3
BRDA:101,21,0,3
BRDA:101,21,1,3
BRDA:102,22,0,3
BRDA:102,22,1,3
BRDA:102,22,2,3
BRDA:103,23,0,3
BRDA:103,23,1,3
BRDA:103,23,2,3
BRDA:105,24,0,0
BRDA:105,24,1,3
BRDA:123,25,0,0
BRDA:123,25,1,0
BRDA:135,26,0,0
BRDA:136,27,0,3
BRDA:136,27,1,3
BRDA:137,28,0,3
BRDA:137,28,1,0
BRDA:141,29,0,0
BRDA:141,29,1,0
BRDA:142,30,0,0
BRDA:142,30,1,0
BRDA:142,30,2,0
BRDA:144,31,0,0
BRDA:144,31,1,0
BRDA:144,32,0,0
BRDA:144,32,1,0
BRDA:144,32,2,0
BRDA:147,33,0,0
BRDA:147,33,1,0
BRDA:147,34,0,0
BRDA:147,34,1,0
BRDA:147,34,2,0
BRF:71
BRH:38
end_of_record
